Arguments: 
  /usr/local/bin/node /usr/local/bin/yarn

PATH: 
  /opt/homebrew/bin:/opt/homebrew/sbin:/Library/Frameworks/Python.framework/Versions/3.10/bin:/usr/local/bin:/usr/bin:/bin:/usr/sbin:/sbin:/Library/Apple/usr/bin:/opt/homebrew/bin:/opt/homebrew/sbin:/Library/Frameworks/Python.framework/Versions/3.10/bin:/Users/sirily11/Documents/flutter/bin:/Users/sirily11/Documents/flutter/bin

Yarn version: 
  1.22.17

Node version: 
  16.13.0

Platform: 
  darwin arm64

Trace: 
  SyntaxError: /Users/sirily11/Desktop/etd/etherdata-sdk/sdk-dist/typescript/e2e/package.json: Unexpected token } in JSON at position 358
      at JSON.parse (<anonymous>)
      at /usr/local/lib/node_modules/yarn/lib/cli.js:1625:59
      at Generator.next (<anonymous>)
      at step (/usr/local/lib/node_modules/yarn/lib/cli.js:310:30)
      at /usr/local/lib/node_modules/yarn/lib/cli.js:321:13

npm manifest: 
  {
    "name": "e2e",
    "version": "5.0.2",
    "license": "MIT",
    "private": true,
    "dependencies": {
      "@etherdata-blockchain/etherdata-sdk": "*",
      "@etherdata-blockchain/etherdata-sdk-account": "*"
    },
    "repository": {
      "type": "git",
      "url": "https://github.com/etherdata-blockchain/etherdata-sdk.git"
    },
    "scripts": {
      "test": "jest",
    },
    "devDependencies": {
      "turbo": "^1.2.4"
    }
  }

yarn manifest: 
  No manifest

Lockfile: 
  No lockfile
